-------------------------------------------------------------------------------
Test set: com.epam.automation.AppTest
-------------------------------------------------------------------------------
Tests run: 1, Failures: 1, Errors: 0, Skipped: 0, Time elapsed: 0.051 s <<< FAILURE! - in com.epam.automation.AppTest
shouldAnswerWithTrue(com.epam.automation.AppTest)  Time elapsed: 0.006 s  <<< FAILURE!
java.lang.AssertionError
	at com.epam.automation.AppTest.shouldAnswerWithTrue(AppTest.java:18)

